<?xml version="1.0" encoding="UTF-8" ?>
<testsuite tests="38" failures="0" name="txml.TXmlTest" time="12.998" errors="0" skipped="0">
  <properties>
[...]
</properties>
  <testcase classname="txml.TXmlTest" name="testOverBottomInFilter" time="6.872"/>
  <testcase classname="txml.TXmlTest" name="testSetParentAttributeWithGap" time="0.735"/>
  <testcase classname="txml.TXmlTest" name="testSetParentChangeOrderWithoutGap" time="0.27"/>
  <testcase classname="txml.TXmlTest" name="testOverTop" time="0.073"/>
  <testcase classname="txml.TXmlTest" name="testUndirectPathInFilter" time="0.071"/>
  <testcase classname="txml.TXmlTest" name="testUndirectSimpleTXmlValue" time="0.084"/>
  <testcase classname="txml.TXmlTest" name="testSetParentNoChangeWithGap" time="0.213"/>
  <testcase classname="txml.TXmlTest" name="testUndirectSimpleInsert" time="0.105"/>
  <testcase classname="txml.TXmlTest" name="testMultiSetParentWithGap" time="0.102"/>
  <testcase classname="txml.TXmlTest" name="testRoot" time="0.062"/>
  <testcase classname="txml.TXmlTest" name="testSimpleUndirectTwoDots" time="0.065"/>
  <testcase classname="txml.TXmlTest" name="testUndirectText" time="0.063"/>
  <testcase classname="txml.TXmlTest" name="testComplexUndirectStar" time="0.03"/>
  <testcase classname="txml.TXmlTest" name="testUndirectTwoDotsInFilter" time="0.072"/>
  <testcase classname="txml.TXmlTest" name="testUndirectSimpleTemporalWithDelete" time="0.043"/>
  <testcase classname="txml.TXmlTest" name="testSimpleFilter" time="0.069"/>
  <testcase classname="txml.TXmlTest" name="testDirectText" time="0.053"/>
  <testcase classname="txml.TXmlTest" name="testSimpleParent" time="0.032"/>
  <testcase classname="txml.TXmlTest" name="testSetParentUpWithGap" time="0.034"/>
  <testcase classname="txml.TXmlTest" name="testChangeTextWithGap" time="0.032"/>
  <testcase classname="txml.TXmlTest" name="testLongDirectFilter" time="0.057"/>
  <testcase classname="txml.TXmlTest" name="testSetParentChangeOrderWithGap" time="0.095"/>
  <testcase classname="txml.TXmlTest" name="testUndirectSimpleInsertWithoutTimeGap" time="0.004"/>
  <testcase classname="txml.TXmlTest" name="testFormatSimpleSnapshot1" time="0.053"/>
  <testcase classname="txml.TXmlTest" name="testFormatSimpleSnapshot2" time="0.033"/>
  <testcase classname="txml.TXmlTest" name="testFiltersInFilters" time="0.035"/>
  <testcase classname="txml.TXmlTest" name="testOverTopInFilter" time="0.035"/>
  <testcase classname="txml.TXmlTest" name="testParentInFilter" time="0.041"/>
  <testcase classname="txml.TXmlTest" name="testOverBottom" time="0.101"/>
  <testcase classname="txml.TXmlTest" name="testComplexFilter" time="0.035"/>
  <testcase classname="txml.TXmlTest" name="testComplexUndirectDot" time="0.052"/>
  <testcase classname="txml.TXmlTest" name="testSimpleUndirectDot" time="0.038"/>
  <testcase classname="txml.TXmlTest" name="testSetParentTextWithGap" time="0.098"/>
  <testcase classname="txml.TXmlTest" name="testUndirectComplexTXmlValue" time="0.041"/>
  <testcase classname="txml.TXmlTest" name="testSimpleUndirectStar" time="0.032"/>
  <testcase classname="txml.TXmlTest" name="testDoubleFilter" time="0.074"/>
  <testcase classname="txml.TXmlTest" name="testSetParentDownWithGap" time="0.054"/>
  <testcase classname="txml.TXmlTest" name="testFilterInFilter" time="0.001"/>
</testsuite>